  MyForm.cpp
f:\simone\simone's documents\simone's softwares\pereader3\pereader3\SectionHeaders.h(194): warning C4996: 'strcat': This function or variable may be unsafe. Consider using strcat_s instead. To disable deprecation, use _CRT_SECURE_NO_WARNINGS. See online help for details.
  C:\Program Files (x86)\Windows Kits\10\Include\10.0.10240.0\ucrt\string.h(90): note: vedere la dichiarazione di 'strcat'
f:\simone\simone's documents\simone's softwares\pereader3\pereader3\SectionHeaders.h(199): warning C4996: 'sprintf': This function or variable may be unsafe. Consider using sprintf_s instead. To disable deprecation, use _CRT_SECURE_NO_WARNINGS. See online help for details.
  C:\Program Files (x86)\Windows Kits\10\Include\10.0.10240.0\ucrt\stdio.h(1769): note: vedere la dichiarazione di 'sprintf'
f:\simone\simone's documents\simone's softwares\pereader3\pereader3\SectionHeaders.h(159): warning C4101: 'header': variabile locale senza riferimenti
f:\simone\simone's documents\simone's softwares\pereader3\pereader3\SectionHeaders.h(160): warning C4101: 'opHeader': variabile locale senza riferimenti
f:\simone\simone's documents\simone's softwares\pereader3\pereader3\SectionHeaders.h(155): warning C4101: 'hMapObject': variabile locale senza riferimenti
f:\simone\simone's documents\simone's softwares\pereader3\pereader3\OptionalHeader.h(533): warning C4996: 'sprintf': This function or variable may be unsafe. Consider using sprintf_s instead. To disable deprecation, use _CRT_SECURE_NO_WARNINGS. See online help for details.
  C:\Program Files (x86)\Windows Kits\10\Include\10.0.10240.0\ucrt\stdio.h(1769): note: vedere la dichiarazione di 'sprintf'
f:\simone\simone's documents\simone's softwares\pereader3\pereader3\OptionalHeader.h(534): warning C4996: 'sprintf': This function or variable may be unsafe. Consider using sprintf_s instead. To disable deprecation, use _CRT_SECURE_NO_WARNINGS. See online help for details.
  C:\Program Files (x86)\Windows Kits\10\Include\10.0.10240.0\ucrt\stdio.h(1769): note: vedere la dichiarazione di 'sprintf'
f:\simone\simone's documents\simone's softwares\pereader3\pereader3\OptionalHeader.h(535): warning C4996: 'sprintf': This function or variable may be unsafe. Consider using sprintf_s instead. To disable deprecation, use _CRT_SECURE_NO_WARNINGS. See online help for details.
  C:\Program Files (x86)\Windows Kits\10\Include\10.0.10240.0\ucrt\stdio.h(1769): note: vedere la dichiarazione di 'sprintf'
f:\simone\simone's documents\simone's softwares\pereader3\pereader3\OptionalHeader.h(536): warning C4996: 'sprintf': This function or variable may be unsafe. Consider using sprintf_s instead. To disable deprecation, use _CRT_SECURE_NO_WARNINGS. See online help for details.
  C:\Program Files (x86)\Windows Kits\10\Include\10.0.10240.0\ucrt\stdio.h(1769): note: vedere la dichiarazione di 'sprintf'
f:\simone\simone's documents\simone's softwares\pereader3\pereader3\OptionalHeader.h(537): warning C4996: 'sprintf': This function or variable may be unsafe. Consider using sprintf_s instead. To disable deprecation, use _CRT_SECURE_NO_WARNINGS. See online help for details.
  C:\Program Files (x86)\Windows Kits\10\Include\10.0.10240.0\ucrt\stdio.h(1769): note: vedere la dichiarazione di 'sprintf'
f:\simone\simone's documents\simone's softwares\pereader3\pereader3\OptionalHeader.h(538): warning C4996: 'sprintf': This function or variable may be unsafe. Consider using sprintf_s instead. To disable deprecation, use _CRT_SECURE_NO_WARNINGS. See online help for details.
  C:\Program Files (x86)\Windows Kits\10\Include\10.0.10240.0\ucrt\stdio.h(1769): note: vedere la dichiarazione di 'sprintf'
f:\simone\simone's documents\simone's softwares\pereader3\pereader3\OptionalHeader.h(539): warning C4996: 'sprintf': This function or variable may be unsafe. Consider using sprintf_s instead. To disable deprecation, use _CRT_SECURE_NO_WARNINGS. See online help for details.
  C:\Program Files (x86)\Windows Kits\10\Include\10.0.10240.0\ucrt\stdio.h(1769): note: vedere la dichiarazione di 'sprintf'
f:\simone\simone's documents\simone's softwares\pereader3\pereader3\OptionalHeader.h(540): warning C4996: 'sprintf': This function or variable may be unsafe. Consider using sprintf_s instead. To disable deprecation, use _CRT_SECURE_NO_WARNINGS. See online help for details.
  C:\Program Files (x86)\Windows Kits\10\Include\10.0.10240.0\ucrt\stdio.h(1769): note: vedere la dichiarazione di 'sprintf'
f:\simone\simone's documents\simone's softwares\pereader3\pereader3\OptionalHeader.h(541): warning C4996: 'sprintf': This function or variable may be unsafe. Consider using sprintf_s instead. To disable deprecation, use _CRT_SECURE_NO_WARNINGS. See online help for details.
  C:\Program Files (x86)\Windows Kits\10\Include\10.0.10240.0\ucrt\stdio.h(1769): note: vedere la dichiarazione di 'sprintf'
f:\simone\simone's documents\simone's softwares\pereader3\pereader3\OptionalHeader.h(542): warning C4996: 'sprintf': This function or variable may be unsafe. Consider using sprintf_s instead. To disable deprecation, use _CRT_SECURE_NO_WARNINGS. See online help for details.
  C:\Program Files (x86)\Windows Kits\10\Include\10.0.10240.0\ucrt\stdio.h(1769): note: vedere la dichiarazione di 'sprintf'
f:\simone\simone's documents\simone's softwares\pereader3\pereader3\OptionalHeader.h(543): warning C4996: 'sprintf': This function or variable may be unsafe. Consider using sprintf_s instead. To disable deprecation, use _CRT_SECURE_NO_WARNINGS. See online help for details.
  C:\Program Files (x86)\Windows Kits\10\Include\10.0.10240.0\ucrt\stdio.h(1769): note: vedere la dichiarazione di 'sprintf'
f:\simone\simone's documents\simone's softwares\pereader3\pereader3\OptionalHeader.h(544): warning C4996: 'sprintf': This function or variable may be unsafe. Consider using sprintf_s instead. To disable deprecation, use _CRT_SECURE_NO_WARNINGS. See online help for details.
  C:\Program Files (x86)\Windows Kits\10\Include\10.0.10240.0\ucrt\stdio.h(1769): note: vedere la dichiarazione di 'sprintf'
f:\simone\simone's documents\simone's softwares\pereader3\pereader3\OptionalHeader.h(545): warning C4996: 'sprintf': This function or variable may be unsafe. Consider using sprintf_s instead. To disable deprecation, use _CRT_SECURE_NO_WARNINGS. See online help for details.
  C:\Program Files (x86)\Windows Kits\10\Include\10.0.10240.0\ucrt\stdio.h(1769): note: vedere la dichiarazione di 'sprintf'
f:\simone\simone's documents\simone's softwares\pereader3\pereader3\OptionalHeader.h(546): warning C4996: 'sprintf': This function or variable may be unsafe. Consider using sprintf_s instead. To disable deprecation, use _CRT_SECURE_NO_WARNINGS. See online help for details.
  C:\Program Files (x86)\Windows Kits\10\Include\10.0.10240.0\ucrt\stdio.h(1769): note: vedere la dichiarazione di 'sprintf'
f:\simone\simone's documents\simone's softwares\pereader3\pereader3\OptionalHeader.h(547): warning C4996: 'sprintf': This function or variable may be unsafe. Consider using sprintf_s instead. To disable deprecation, use _CRT_SECURE_NO_WARNINGS. See online help for details.
  C:\Program Files (x86)\Windows Kits\10\Include\10.0.10240.0\ucrt\stdio.h(1769): note: vedere la dichiarazione di 'sprintf'
f:\simone\simone's documents\simone's softwares\pereader3\pereader3\OptionalHeader.h(548): warning C4996: 'sprintf': This function or variable may be unsafe. Consider using sprintf_s instead. To disable deprecation, use _CRT_SECURE_NO_WARNINGS. See online help for details.
  C:\Program Files (x86)\Windows Kits\10\Include\10.0.10240.0\ucrt\stdio.h(1769): note: vedere la dichiarazione di 'sprintf'
f:\simone\simone's documents\simone's softwares\pereader3\pereader3\OptionalHeader.h(549): warning C4996: 'sprintf': This function or variable may be unsafe. Consider using sprintf_s instead. To disable deprecation, use _CRT_SECURE_NO_WARNINGS. See online help for details.
  C:\Program Files (x86)\Windows Kits\10\Include\10.0.10240.0\ucrt\stdio.h(1769): note: vedere la dichiarazione di 'sprintf'
f:\simone\simone's documents\simone's softwares\pereader3\pereader3\OptionalHeader.h(550): warning C4996: 'sprintf': This function or variable may be unsafe. Consider using sprintf_s instead. To disable deprecation, use _CRT_SECURE_NO_WARNINGS. See online help for details.
  C:\Program Files (x86)\Windows Kits\10\Include\10.0.10240.0\ucrt\stdio.h(1769): note: vedere la dichiarazione di 'sprintf'
f:\simone\simone's documents\simone's softwares\pereader3\pereader3\OptionalHeader.h(505): warning C4101: 'pSecHeader': variabile locale senza riferimenti
f:\simone\simone's documents\simone's softwares\pereader3\pereader3\OptionalHeader.h(503): warning C4101: 'header': variabile locale senza riferimenti
f:\simone\simone's documents\simone's softwares\pereader3\pereader3\OptionalHeader.h(504): warning C4101: 'opHeader': variabile locale senza riferimenti
f:\simone\simone's documents\simone's softwares\pereader3\pereader3\OptionalHeader.h(499): warning C4101: 'hMapObject': variabile locale senza riferimenti
f:\simone\simone's documents\simone's softwares\pereader3\pereader3\MyForm.h(313): warning C4996: 'localtime': This function or variable may be unsafe. Consider using localtime_s instead. To disable deprecation, use _CRT_SECURE_NO_WARNINGS. See online help for details.
  C:\Program Files (x86)\Windows Kits\10\Include\10.0.10240.0\ucrt\time.h(505): note: vedere la dichiarazione di 'localtime'
f:\simone\simone's documents\simone's softwares\pereader3\pereader3\MyForm.h(315): warning C4996: 'sprintf': This function or variable may be unsafe. Consider using sprintf_s instead. To disable deprecation, use _CRT_SECURE_NO_WARNINGS. See online help for details.
  C:\Program Files (x86)\Windows Kits\10\Include\10.0.10240.0\ucrt\stdio.h(1769): note: vedere la dichiarazione di 'sprintf'
f:\simone\simone's documents\simone's softwares\pereader3\pereader3\MyForm.h(290): warning C4101: 'pSecHeader': variabile locale senza riferimenti
f:\simone\simone's documents\simone's softwares\pereader3\pereader3\MyForm.h(288): warning C4101: 'header': variabile locale senza riferimenti
f:\simone\simone's documents\simone's softwares\pereader3\pereader3\MyForm.h(289): warning C4101: 'opHeader': variabile locale senza riferimenti
f:\simone\simone's documents\simone's softwares\pereader3\pereader3\MyForm.h(284): warning C4101: 'hMapObject': variabile locale senza riferimenti
MyForm.cpp(10): warning C4829: Parametri probabilmente errati nella funzione main. Si consiglia di utilizzare 'int main(array<System::String^>^ argv)'
  PeReader.cpp
f:\simone\simone's documents\simone's softwares\pereader3\pereader3\SectionHeaders.h(194): warning C4996: 'strcat': This function or variable may be unsafe. Consider using strcat_s instead. To disable deprecation, use _CRT_SECURE_NO_WARNINGS. See online help for details.
  C:\Program Files (x86)\Windows Kits\10\Include\10.0.10240.0\ucrt\string.h(90): note: vedere la dichiarazione di 'strcat'
f:\simone\simone's documents\simone's softwares\pereader3\pereader3\SectionHeaders.h(199): warning C4996: 'sprintf': This function or variable may be unsafe. Consider using sprintf_s instead. To disable deprecation, use _CRT_SECURE_NO_WARNINGS. See online help for details.
  C:\Program Files (x86)\Windows Kits\10\Include\10.0.10240.0\ucrt\stdio.h(1769): note: vedere la dichiarazione di 'sprintf'
f:\simone\simone's documents\simone's softwares\pereader3\pereader3\SectionHeaders.h(159): warning C4101: 'header': variabile locale senza riferimenti
f:\simone\simone's documents\simone's softwares\pereader3\pereader3\SectionHeaders.h(160): warning C4101: 'opHeader': variabile locale senza riferimenti
f:\simone\simone's documents\simone's softwares\pereader3\pereader3\SectionHeaders.h(155): warning C4101: 'hMapObject': variabile locale senza riferimenti
f:\simone\simone's documents\simone's softwares\pereader3\pereader3\OptionalHeader.h(533): warning C4996: 'sprintf': This function or variable may be unsafe. Consider using sprintf_s instead. To disable deprecation, use _CRT_SECURE_NO_WARNINGS. See online help for details.
  C:\Program Files (x86)\Windows Kits\10\Include\10.0.10240.0\ucrt\stdio.h(1769): note: vedere la dichiarazione di 'sprintf'
f:\simone\simone's documents\simone's softwares\pereader3\pereader3\OptionalHeader.h(534): warning C4996: 'sprintf': This function or variable may be unsafe. Consider using sprintf_s instead. To disable deprecation, use _CRT_SECURE_NO_WARNINGS. See online help for details.
  C:\Program Files (x86)\Windows Kits\10\Include\10.0.10240.0\ucrt\stdio.h(1769): note: vedere la dichiarazione di 'sprintf'
f:\simone\simone's documents\simone's softwares\pereader3\pereader3\OptionalHeader.h(535): warning C4996: 'sprintf': This function or variable may be unsafe. Consider using sprintf_s instead. To disable deprecation, use _CRT_SECURE_NO_WARNINGS. See online help for details.
  C:\Program Files (x86)\Windows Kits\10\Include\10.0.10240.0\ucrt\stdio.h(1769): note: vedere la dichiarazione di 'sprintf'
f:\simone\simone's documents\simone's softwares\pereader3\pereader3\OptionalHeader.h(536): warning C4996: 'sprintf': This function or variable may be unsafe. Consider using sprintf_s instead. To disable deprecation, use _CRT_SECURE_NO_WARNINGS. See online help for details.
  C:\Program Files (x86)\Windows Kits\10\Include\10.0.10240.0\ucrt\stdio.h(1769): note: vedere la dichiarazione di 'sprintf'
f:\simone\simone's documents\simone's softwares\pereader3\pereader3\OptionalHeader.h(537): warning C4996: 'sprintf': This function or variable may be unsafe. Consider using sprintf_s instead. To disable deprecation, use _CRT_SECURE_NO_WARNINGS. See online help for details.
  C:\Program Files (x86)\Windows Kits\10\Include\10.0.10240.0\ucrt\stdio.h(1769): note: vedere la dichiarazione di 'sprintf'
f:\simone\simone's documents\simone's softwares\pereader3\pereader3\OptionalHeader.h(538): warning C4996: 'sprintf': This function or variable may be unsafe. Consider using sprintf_s instead. To disable deprecation, use _CRT_SECURE_NO_WARNINGS. See online help for details.
  C:\Program Files (x86)\Windows Kits\10\Include\10.0.10240.0\ucrt\stdio.h(1769): note: vedere la dichiarazione di 'sprintf'
f:\simone\simone's documents\simone's softwares\pereader3\pereader3\OptionalHeader.h(539): warning C4996: 'sprintf': This function or variable may be unsafe. Consider using sprintf_s instead. To disable deprecation, use _CRT_SECURE_NO_WARNINGS. See online help for details.
  C:\Program Files (x86)\Windows Kits\10\Include\10.0.10240.0\ucrt\stdio.h(1769): note: vedere la dichiarazione di 'sprintf'
f:\simone\simone's documents\simone's softwares\pereader3\pereader3\OptionalHeader.h(540): warning C4996: 'sprintf': This function or variable may be unsafe. Consider using sprintf_s instead. To disable deprecation, use _CRT_SECURE_NO_WARNINGS. See online help for details.
  C:\Program Files (x86)\Windows Kits\10\Include\10.0.10240.0\ucrt\stdio.h(1769): note: vedere la dichiarazione di 'sprintf'
f:\simone\simone's documents\simone's softwares\pereader3\pereader3\OptionalHeader.h(541): warning C4996: 'sprintf': This function or variable may be unsafe. Consider using sprintf_s instead. To disable deprecation, use _CRT_SECURE_NO_WARNINGS. See online help for details.
  C:\Program Files (x86)\Windows Kits\10\Include\10.0.10240.0\ucrt\stdio.h(1769): note: vedere la dichiarazione di 'sprintf'
f:\simone\simone's documents\simone's softwares\pereader3\pereader3\OptionalHeader.h(542): warning C4996: 'sprintf': This function or variable may be unsafe. Consider using sprintf_s instead. To disable deprecation, use _CRT_SECURE_NO_WARNINGS. See online help for details.
  C:\Program Files (x86)\Windows Kits\10\Include\10.0.10240.0\ucrt\stdio.h(1769): note: vedere la dichiarazione di 'sprintf'
f:\simone\simone's documents\simone's softwares\pereader3\pereader3\OptionalHeader.h(543): warning C4996: 'sprintf': This function or variable may be unsafe. Consider using sprintf_s instead. To disable deprecation, use _CRT_SECURE_NO_WARNINGS. See online help for details.
  C:\Program Files (x86)\Windows Kits\10\Include\10.0.10240.0\ucrt\stdio.h(1769): note: vedere la dichiarazione di 'sprintf'
f:\simone\simone's documents\simone's softwares\pereader3\pereader3\OptionalHeader.h(544): warning C4996: 'sprintf': This function or variable may be unsafe. Consider using sprintf_s instead. To disable deprecation, use _CRT_SECURE_NO_WARNINGS. See online help for details.
  C:\Program Files (x86)\Windows Kits\10\Include\10.0.10240.0\ucrt\stdio.h(1769): note: vedere la dichiarazione di 'sprintf'
f:\simone\simone's documents\simone's softwares\pereader3\pereader3\OptionalHeader.h(545): warning C4996: 'sprintf': This function or variable may be unsafe. Consider using sprintf_s instead. To disable deprecation, use _CRT_SECURE_NO_WARNINGS. See online help for details.
  C:\Program Files (x86)\Windows Kits\10\Include\10.0.10240.0\ucrt\stdio.h(1769): note: vedere la dichiarazione di 'sprintf'
f:\simone\simone's documents\simone's softwares\pereader3\pereader3\OptionalHeader.h(546): warning C4996: 'sprintf': This function or variable may be unsafe. Consider using sprintf_s instead. To disable deprecation, use _CRT_SECURE_NO_WARNINGS. See online help for details.
  C:\Program Files (x86)\Windows Kits\10\Include\10.0.10240.0\ucrt\stdio.h(1769): note: vedere la dichiarazione di 'sprintf'
f:\simone\simone's documents\simone's softwares\pereader3\pereader3\OptionalHeader.h(547): warning C4996: 'sprintf': This function or variable may be unsafe. Consider using sprintf_s instead. To disable deprecation, use _CRT_SECURE_NO_WARNINGS. See online help for details.
  C:\Program Files (x86)\Windows Kits\10\Include\10.0.10240.0\ucrt\stdio.h(1769): note: vedere la dichiarazione di 'sprintf'
f:\simone\simone's documents\simone's softwares\pereader3\pereader3\OptionalHeader.h(548): warning C4996: 'sprintf': This function or variable may be unsafe. Consider using sprintf_s instead. To disable deprecation, use _CRT_SECURE_NO_WARNINGS. See online help for details.
  C:\Program Files (x86)\Windows Kits\10\Include\10.0.10240.0\ucrt\stdio.h(1769): note: vedere la dichiarazione di 'sprintf'
f:\simone\simone's documents\simone's softwares\pereader3\pereader3\OptionalHeader.h(549): warning C4996: 'sprintf': This function or variable may be unsafe. Consider using sprintf_s instead. To disable deprecation, use _CRT_SECURE_NO_WARNINGS. See online help for details.
  C:\Program Files (x86)\Windows Kits\10\Include\10.0.10240.0\ucrt\stdio.h(1769): note: vedere la dichiarazione di 'sprintf'
f:\simone\simone's documents\simone's softwares\pereader3\pereader3\OptionalHeader.h(550): warning C4996: 'sprintf': This function or variable may be unsafe. Consider using sprintf_s instead. To disable deprecation, use _CRT_SECURE_NO_WARNINGS. See online help for details.
  C:\Program Files (x86)\Windows Kits\10\Include\10.0.10240.0\ucrt\stdio.h(1769): note: vedere la dichiarazione di 'sprintf'
f:\simone\simone's documents\simone's softwares\pereader3\pereader3\OptionalHeader.h(505): warning C4101: 'pSecHeader': variabile locale senza riferimenti
f:\simone\simone's documents\simone's softwares\pereader3\pereader3\OptionalHeader.h(503): warning C4101: 'header': variabile locale senza riferimenti
f:\simone\simone's documents\simone's softwares\pereader3\pereader3\OptionalHeader.h(504): warning C4101: 'opHeader': variabile locale senza riferimenti
f:\simone\simone's documents\simone's softwares\pereader3\pereader3\OptionalHeader.h(499): warning C4101: 'hMapObject': variabile locale senza riferimenti
f:\simone\simone's documents\simone's softwares\pereader3\pereader3\MyForm.h(313): warning C4996: 'localtime': This function or variable may be unsafe. Consider using localtime_s instead. To disable deprecation, use _CRT_SECURE_NO_WARNINGS. See online help for details.
  C:\Program Files (x86)\Windows Kits\10\Include\10.0.10240.0\ucrt\time.h(505): note: vedere la dichiarazione di 'localtime'
f:\simone\simone's documents\simone's softwares\pereader3\pereader3\MyForm.h(315): warning C4996: 'sprintf': This function or variable may be unsafe. Consider using sprintf_s instead. To disable deprecation, use _CRT_SECURE_NO_WARNINGS. See online help for details.
  C:\Program Files (x86)\Windows Kits\10\Include\10.0.10240.0\ucrt\stdio.h(1769): note: vedere la dichiarazione di 'sprintf'
f:\simone\simone's documents\simone's softwares\pereader3\pereader3\MyForm.h(290): warning C4101: 'pSecHeader': variabile locale senza riferimenti
f:\simone\simone's documents\simone's softwares\pereader3\pereader3\MyForm.h(288): warning C4101: 'header': variabile locale senza riferimenti
f:\simone\simone's documents\simone's softwares\pereader3\pereader3\MyForm.h(289): warning C4101: 'opHeader': variabile locale senza riferimenti
f:\simone\simone's documents\simone's softwares\pereader3\pereader3\MyForm.h(284): warning C4101: 'hMapObject': variabile locale senza riferimenti
  Generazione del codice in corso...
  PEReader3.vcxproj -> F:\SIMONE\Simone's documents\Simone's softwares\PEReader3\Debug\PEReader3.exe
  PEReader3.vcxproj -> F:\SIMONE\Simone's documents\Simone's softwares\PEReader3\Debug\PEReader3.pdb (Full PDB)
